2024-05-25 00:10:01,869 - Hello! I'm going to ask you a few questions. Please provide your answers.
2024-05-25 00:10:06,359 - Question: Is technology making humanity better?
2024-05-25 00:10:14,493 - No response detected
2024-05-25 00:10:27,290 - Valid response: Yes
2024-05-25 00:10:27,291 - Question: Do you think artificial intelligence is dangerous?
2024-05-25 00:10:34,855 - Valid response: Stop
2024-05-25 00:10:34,856 - Interaction ended by user.
2024-05-25 00:19:54,575 - Hello! I'm going to ask you a few questions. Please provide your answers.
2024-05-25 00:19:59,140 - Question: Is technology making humanity better?
2024-05-25 00:20:07,858 - No response detected
2024-05-25 00:20:28,310 - Question: Do you think artificial intelligence is dangerous?
2024-05-25 00:20:36,445 - No response detected
2024-05-25 00:20:56,230 - Question: Should self-driving cars be allowed on the roads?
2024-05-25 00:21:05,141 - No response detected
2024-05-25 00:21:23,735 - Question: Is social media having a positive impact on society?
2024-05-25 00:21:33,081 - No response detected
2024-05-25 00:21:54,353 - Question: Do you believe in climate change?
2024-05-25 00:22:02,733 - No response detected
2024-05-25 00:22:19,184 - Thank you for your responses. Have a great day!
2024-05-25 04:53:27,844 - Hello! I'm going to ask you a few questions. Please provide your answers.
2024-05-25 04:53:32,337 - Question: Is technology making humanity better?
2024-05-25 04:53:41,271 - Valid response: Yes
2024-05-25 04:53:41,272 - Question: Do you think artificial intelligence is dangerous?
2024-05-25 04:53:51,331 - Valid response: Yes
2024-05-25 04:53:51,332 - Question: Should self-driving cars be allowed on the roads?
2024-05-25 04:54:02,063 - Valid response: Yes
2024-05-25 04:54:02,064 - Question: Is social media having a positive impact on society?
2024-05-25 04:54:11,940 - Listening timed out while waiting for phrase to start
2024-05-25 04:54:11,955 - No response detected
2024-05-25 04:54:20,802 - Sorry, I did not understand that.
2024-05-25 04:54:28,469 - Listening timed out while waiting for phrase to start
2024-05-25 04:54:31,409 - Question: Do you believe in climate change?
2024-05-25 04:54:40,914 - Sorry, I did not understand that.
2024-05-25 04:54:40,915 - No response detected
2024-05-25 04:54:48,972 - Listening timed out while waiting for phrase to start
2024-05-25 04:54:56,156 - Listening timed out while waiting for phrase to start
2024-05-25 04:54:57,495 - Thank you for your responses. Have a great day!
